This is pdfTeX, Version 3.14159265-2.6-1.40.16 (MiKTeX 2.9) (preloaded format=pdflatex 2016.5.13)  31 MAY 2016 02:40
entering extended mode
**./refman.tex
(refman.tex
LaTeX2e <2015/10/01> patch level 2
Babel <3.9n> and hyphenation patterns for 69 languages loaded.
("C:\Users\zVoxty\AppData\Local\Programs\MiKTeX 2.9\tex\latex\base\book.cls"
Document Class: book 2014/09/29 v1.4h Standard LaTeX document class
("C:\Users\zVoxty\AppData\Local\Programs\MiKTeX 2.9\tex\latex\base\bk10.clo"
File: bk10.clo 2014/09/29 v1.4h Standard LaTeX file (size option)
)
\c@part=\count79
\c@chapter=\count80
\c@section=\count81
\c@subsection=\count82
\c@subsubsection=\count83
\c@paragraph=\count84
\c@subparagraph=\count85
\c@figure=\count86
\c@table=\count87
\abovecaptionskip=\skip41
\belowcaptionskip=\skip42
\bibindent=\dimen102
)
("C:\Users\zVoxty\AppData\Local\Programs\MiKTeX 2.9\tex\latex\base\fixltx2e.sty
"
Package: fixltx2e 2015/06/22 v2.0b fixes to LaTeX (obsolete)


Package fixltx2e Warning: fixltx2e is not required with releases after 2015
(fixltx2e)                All fixes are now in the LaTeX kernel.
(fixltx2e)                See the latexrelease package for details.

) ("C:\Users\zVoxty\AppData\Local\Programs\MiKTeX 2.9\tex\latex\tools\calc.sty"
Package: calc 2014/10/28 v4.3 Infix arithmetic (KKT,FJ)
\calc@Acount=\count88
\calc@Bcount=\count89
\calc@Adimen=\dimen103
\calc@Bdimen=\dimen104
\calc@Askip=\skip43
\calc@Bskip=\skip44
LaTeX Info: Redefining \setlength on input line 80.
LaTeX Info: Redefining \addtolength on input line 81.
\calc@Ccount=\count90
\calc@Cskip=\skip45
) (doxygen.sty
Package: doxygen 

("C:\Users\zVoxty\AppData\Local\Programs\MiKTeX 2.9\tex\latex\base\alltt.sty"
Package: alltt 1997/06/16 v2.0g defines alltt environment
)
("C:\Users\zVoxty\AppData\Local\Programs\MiKTeX 2.9\tex\latex\tools\array.sty"
Package: array 2014/10/28 v2.4c Tabular extension package (FMi)
\col@sep=\dimen105
\extrarowheight=\dimen106
\NC@list=\toks14
\extratabsurround=\skip46
\backup@length=\skip47
) ("C:\Users\zVoxty\AppData\Local\Programs\MiKTeX 2.9\tex\latex\float\float.sty
"
Package: float 2001/11/08 v1.3d Float enhancements (AL)
\c@float@type=\count91
\float@exts=\toks15
\float@box=\box26
\@float@everytoks=\toks16
\@floatcapt=\box27
) ("C:\Users\zVoxty\AppData\Local\Programs\MiKTeX 2.9\tex\latex\base\ifthen.sty
"
Package: ifthen 2014/09/29 v1.1c Standard LaTeX ifthen package (DPC)
)
("C:\Users\zVoxty\AppData\Local\Programs\MiKTeX 2.9\tex\latex\tools\verbatim.st
y"
Package: verbatim 2014/10/28 v1.5q LaTeX2e package for verbatim enhancements
\every@verbatim=\toks17
\verbatim@line=\toks18
\verbatim@in@stream=\read1
)
("C:\Users\zVoxty\AppData\Local\Programs\MiKTeX 2.9\tex\latex\xcolor\xcolor.sty
"
Package: xcolor 2007/01/21 v2.11 LaTeX color extensions (UK)

("C:\Users\zVoxty\AppData\Local\Programs\MiKTeX 2.9\tex\latex\00miktex\color.cf
g"
File: color.cfg 2007/01/18 v1.5 color configuration of teTeX/TeXLive
)
Package xcolor Info: Driver file: pdftex.def on input line 225.

("C:\Users\zVoxty\AppData\Local\Programs\MiKTeX 2.9\tex\latex\pdftex-def\pdftex
.def"
File: pdftex.def 2011/05/27 v0.06d Graphics/color for pdfTeX

("C:\Users\zVoxty\AppData\Local\Programs\MiKTeX 2.9\tex\generic\oberdiek\infwar
err.sty"
Package: infwarerr 2010/04/08 v1.3 Providing info/warning/error messages (HO)
)
("C:\Users\zVoxty\AppData\Local\Programs\MiKTeX 2.9\tex\generic\oberdiek\ltxcmd
s.sty"
Package: ltxcmds 2011/11/09 v1.22 LaTeX kernel commands for general use (HO)
)
\Gread@gobject=\count92
)
("C:\Users\zVoxty\AppData\Local\Programs\MiKTeX 2.9\tex\latex\colortbl\colortbl
.sty"
Package: colortbl 2012/02/13 v1.0a Color table columns (DPC)
\everycr=\toks19
\minrowclearance=\skip48
)
\rownum=\count93
Package xcolor Info: Model `cmy' substituted by `cmy0' on input line 1337.
Package xcolor Info: Model `hsb' substituted by `rgb' on input line 1341.
Package xcolor Info: Model `RGB' extended on input line 1353.
Package xcolor Info: Model `HTML' substituted by `rgb' on input line 1355.
Package xcolor Info: Model `Hsb' substituted by `hsb' on input line 1356.
Package xcolor Info: Model `tHsb' substituted by `hsb' on input line 1357.
Package xcolor Info: Model `HSB' substituted by `hsb' on input line 1358.
Package xcolor Info: Model `Gray' substituted by `gray' on input line 1359.
Package xcolor Info: Model `wave' substituted by `hsb' on input line 1360.
)
("C:\Users\zVoxty\AppData\Local\Programs\MiKTeX 2.9\tex\latex\tools\longtable.s
ty"
Package: longtable 2014/10/28 v4.11 Multi-page Table package (DPC)
\LTleft=\skip49
\LTright=\skip50
\LTpre=\skip51
\LTpost=\skip52
\LTchunksize=\count94
\LTcapwidth=\dimen107
\LT@head=\box28
\LT@firsthead=\box29
\LT@foot=\box30
\LT@lastfoot=\box31
\LT@cols=\count95
\LT@rows=\count96
\c@LT@tables=\count97
\c@LT@chunks=\count98
\LT@p@ftn=\toks20
) ("C:\Users\zVoxty\AppData\Local\Programs\MiKTeX 2.9\tex\latex\tabu\tabu.sty"
Package: tabu 2011/02/26 v2.8 - flexible LaTeX tabulars (FC)

("C:\Users\zVoxty\AppData\Local\Programs\MiKTeX 2.9\tex\latex\ltxmisc\varwidth.
sty"
Package: varwidth 2009/03/30 ver 0.92;  Variable-width minipages
\@vwid@box=\box32
\sift@deathcycles=\count99
\@vwid@loff=\dimen108
\@vwid@roff=\dimen109
)
\c@taburow=\count100
\tabu@nbcols=\count101
\tabu@cnt=\count102
\tabu@Xcol=\count103
\tabu@alloc=\count104
\tabu@nested=\count105
\tabu@target=\dimen110
\tabu@spreadtarget=\dimen111
\tabu@naturalX=\dimen112
\tabucolX=\dimen113
\tabu@Xsum=\dimen114
\extrarowdepth=\dimen115
\abovetabulinesep=\dimen116
\belowtabulinesep=\dimen117
\tabustrutrule=\dimen118
\tabu@thebody=\toks21
\tabu@footnotes=\toks22
\tabu@box=\box33
\tabu@arstrutbox=\box34
\tabu@hleads=\box35
\tabu@vleads=\box36
\tabu@cellskip=\skip53
)
("C:\Users\zVoxty\AppData\Local\Programs\MiKTeX 2.9\tex\latex\tools\tabularx.st
y"
Package: tabularx 2014/10/28 v2.10 `tabularx' package (DPC)
\TX@col@width=\dimen119
\TX@old@table=\dimen120
\TX@old@col=\dimen121
\TX@target=\dimen122
\TX@delta=\dimen123
\TX@cols=\count106
\TX@ftn=\toks23
)
("C:\Users\zVoxty\AppData\Local\Programs\MiKTeX 2.9\tex\latex\multirow\multirow
.sty"
\bigstrutjot=\dimen124
)
\xrefbox=\box37
\xreflength=\skip54
)
("C:\Users\zVoxty\AppData\Local\Programs\MiKTeX 2.9\tex\latex\adjustbox\adjustb
ox.sty"
Package: adjustbox 2012/05/21 v1.0 Adjusting TeX boxes (trim, clip, ...)

("C:\Users\zVoxty\AppData\Local\Programs\MiKTeX 2.9\tex\latex\xkeyval\xkeyval.s
ty"
Package: xkeyval 2014/12/03 v2.7a package option processing (HA)

("C:\Users\zVoxty\AppData\Local\Programs\MiKTeX 2.9\tex\generic\xkeyval\xkeyval
.tex"
("C:\Users\zVoxty\AppData\Local\Programs\MiKTeX 2.9\tex\generic\xkeyval\xkvutil
s.tex"
\XKV@toks=\toks24
\XKV@tempa@toks=\toks25

("C:\Users\zVoxty\AppData\Local\Programs\MiKTeX 2.9\tex\generic\xkeyval\keyval.
tex"))
\XKV@depth=\count107
File: xkeyval.tex 2014/12/03 v2.7a key=value parser (HA)
))
("C:\Users\zVoxty\AppData\Local\Programs\MiKTeX 2.9\tex\latex\adjustbox\adjcalc
.sty"
Package: adjcalc 2012/05/16 v1.1 Provides advanced setlength with multiple back
-ends (calc, etex, pgfmath)
)
("C:\Users\zVoxty\AppData\Local\Programs\MiKTeX 2.9\tex\latex\adjustbox\trimcli
p.sty"
Package: trimclip 2012/05/16 v1.0 Trim and clip general TeX material

("C:\Users\zVoxty\AppData\Local\Programs\MiKTeX 2.9\tex\latex\graphics\graphicx
.sty"
Package: graphicx 2014/10/28 v1.0g Enhanced LaTeX Graphics (DPC,SPQR)

("C:\Users\zVoxty\AppData\Local\Programs\MiKTeX 2.9\tex\latex\graphics\graphics
.sty"
Package: graphics 2014/10/28 v1.0p Standard LaTeX Graphics (DPC,SPQR)

("C:\Users\zVoxty\AppData\Local\Programs\MiKTeX 2.9\tex\latex\graphics\trig.sty
"
Package: trig 1999/03/16 v1.09 sin cos tan (DPC)
)
("C:\Users\zVoxty\AppData\Local\Programs\MiKTeX 2.9\tex\latex\00miktex\graphics
.cfg"
File: graphics.cfg 2007/01/18 v1.5 graphics configuration of teTeX/TeXLive
)
Package graphics Info: Driver file: pdftex.def on input line 94.
)
\Gin@req@height=\dimen125
\Gin@req@width=\dimen126
)
("C:\Users\zVoxty\AppData\Local\Programs\MiKTeX 2.9\tex\latex\collectbox\collec
tbox.sty"
Package: collectbox 2012/05/17 v0.4b Collect macro arguments as boxes
\collectedbox=\box38
)
\tc@llx=\dimen127
\tc@lly=\dimen128
\tc@urx=\dimen129
\tc@ury=\dimen130
Package trimclip Info: Using driver 'tc-pdftex.def'.

("C:\Users\zVoxty\AppData\Local\Programs\MiKTeX 2.9\tex\latex\adjustbox\tc-pdft
ex.def"
File: tc-pdftex.def 2012/05/13 v1.0 Clipping driver for pdftex
))
\adjbox@Width=\dimen131
\adjbox@Height=\dimen132
\adjbox@Depth=\dimen133
\adjbox@Totalheight=\dimen134

("C:\Users\zVoxty\AppData\Local\Programs\MiKTeX 2.9\tex\latex\ifoddpage\ifoddpa
ge.sty"
Package: ifoddpage 2016/04/23 v1.1 Conditionals for odd/even page detection
\c@checkoddpage=\count108
))
("C:\Users\zVoxty\AppData\Local\Programs\MiKTeX 2.9\tex\latex\base\inputenc.sty
"
Package: inputenc 2015/03/17 v1.2c Input encoding file
\inpenc@prehook=\toks26
\inpenc@posthook=\toks27
 ("C:\Users\zVoxty\AppData\Local\Programs\MiKTeX 2.9\tex\latex\base\utf8.def"
File: utf8.def 2015/09/07 v1.1p UTF-8 support for inputenc
Now handling font encoding OML ...
... no UTF-8 mapping file for font encoding OML
Now handling font encoding T1 ...
... processing UTF-8 mapping file for font encoding T1

("C:\Users\zVoxty\AppData\Local\Programs\MiKTeX 2.9\tex\latex\base\t1enc.dfu"
File: t1enc.dfu 2015/09/07 v1.1p UTF-8 support for inputenc
   defining Unicode char U+00A0 (decimal 160)
   defining Unicode char U+00A1 (decimal 161)
   defining Unicode char U+00A3 (decimal 163)
   defining Unicode char U+00AB (decimal 171)
   defining Unicode char U+00AD (decimal 173)
   defining Unicode char U+00BB (decimal 187)
   defining Unicode char U+00BF (decimal 191)
   defining Unicode char U+00C0 (decimal 192)
   defining Unicode char U+00C1 (decimal 193)
   defining Unicode char U+00C2 (decimal 194)
   defining Unicode char U+00C3 (decimal 195)
   defining Unicode char U+00C4 (decimal 196)
   defining Unicode char U+00C5 (decimal 197)
   defining Unicode char U+00C6 (decimal 198)
   defining Unicode char U+00C7 (decimal 199)
   defining Unicode char U+00C8 (decimal 200)
   defining Unicode char U+00C9 (decimal 201)
   defining Unicode char U+00CA (decimal 202)
   defining Unicode char U+00CB (decimal 203)
   defining Unicode char U+00CC (decimal 204)
   defining Unicode char U+00CD (decimal 205)
   defining Unicode char U+00CE (decimal 206)
   defining Unicode char U+00CF (decimal 207)
   defining Unicode char U+00D0 (decimal 208)
   defining Unicode char U+00D1 (decimal 209)
   defining Unicode char U+00D2 (decimal 210)
   defining Unicode char U+00D3 (decimal 211)
   defining Unicode char U+00D4 (decimal 212)
   defining Unicode char U+00D5 (decimal 213)
   defining Unicode char U+00D6 (decimal 214)
   defining Unicode char U+00D8 (decimal 216)
   defining Unicode char U+00D9 (decimal 217)
   defining Unicode char U+00DA (decimal 218)
   defining Unicode char U+00DB (decimal 219)
   defining Unicode char U+00DC (decimal 220)
   defining Unicode char U+00DD (decimal 221)
   defining Unicode char U+00DE (decimal 222)
   defining Unicode char U+00DF (decimal 223)
   defining Unicode char U+00E0 (decimal 224)
   defining Unicode char U+00E1 (decimal 225)
   defining Unicode char U+00E2 (decimal 226)
   defining Unicode char U+00E3 (decimal 227)
   defining Unicode char U+00E4 (decimal 228)
   defining Unicode char U+00E5 (decimal 229)
   defining Unicode char U+00E6 (decimal 230)
   defining Unicode char U+00E7 (decimal 231)
   defining Unicode char U+00E8 (decimal 232)
   defining Unicode char U+00E9 (decimal 233)
   defining Unicode char U+00EA (decimal 234)
   defining Unicode char U+00EB (decimal 235)
   defining Unicode char U+00EC (decimal 236)
   defining Unicode char U+00ED (decimal 237)
   defining Unicode char U+00EE (decimal 238)
   defining Unicode char U+00EF (decimal 239)
   defining Unicode char U+00F0 (decimal 240)
   defining Unicode char U+00F1 (decimal 241)
   defining Unicode char U+00F2 (decimal 242)
   defining Unicode char U+00F3 (decimal 243)
   defining Unicode char U+00F4 (decimal 244)
   defining Unicode char U+00F5 (decimal 245)
   defining Unicode char U+00F6 (decimal 246)
   defining Unicode char U+00F8 (decimal 248)
   defining Unicode char U+00F9 (decimal 249)
   defining Unicode char U+00FA (decimal 250)
   defining Unicode char U+00FB (decimal 251)
   defining Unicode char U+00FC (decimal 252)
   defining Unicode char U+00FD (decimal 253)
   defining Unicode char U+00FE (decimal 254)
   defining Unicode char U+00FF (decimal 255)
   defining Unicode char U+0102 (decimal 258)
   defining Unicode char U+0103 (decimal 259)
   defining Unicode char U+0104 (decimal 260)
   defining Unicode char U+0105 (decimal 261)
   defining Unicode char U+0106 (decimal 262)
   defining Unicode char U+0107 (decimal 263)
   defining Unicode char U+010C (decimal 268)
   defining Unicode char U+010D (decimal 269)
   defining Unicode char U+010E (decimal 270)
   defining Unicode char U+010F (decimal 271)
   defining Unicode char U+0110 (decimal 272)
   defining Unicode char U+0111 (decimal 273)
   defining Unicode char U+0118 (decimal 280)
   defining Unicode char U+0119 (decimal 281)
   defining Unicode char U+011A (decimal 282)
   defining Unicode char U+011B (decimal 283)
   defining Unicode char U+011E (decimal 286)
   defining Unicode char U+011F (decimal 287)
   defining Unicode char U+0130 (decimal 304)
   defining Unicode char U+0131 (decimal 305)
   defining Unicode char U+0132 (decimal 306)
   defining Unicode char U+0133 (decimal 307)
   defining Unicode char U+0139 (decimal 313)
   defining Unicode char U+013A (decimal 314)
   defining Unicode char U+013D (decimal 317)
   defining Unicode char U+013E (decimal 318)
   defining Unicode char U+0141 (decimal 321)
   defining Unicode char U+0142 (decimal 322)
   defining Unicode char U+0143 (decimal 323)
   defining Unicode char U+0144 (decimal 324)
   defining Unicode char U+0147 (decimal 327)
   defining Unicode char U+0148 (decimal 328)
   defining Unicode char U+014A (decimal 330)
   defining Unicode char U+014B (decimal 331)
   defining Unicode char U+0150 (decimal 336)
   defining Unicode char U+0151 (decimal 337)
   defining Unicode char U+0152 (decimal 338)
   defining Unicode char U+0153 (decimal 339)
   defining Unicode char U+0154 (decimal 340)
   defining Unicode char U+0155 (decimal 341)
   defining Unicode char U+0158 (decimal 344)
   defining Unicode char U+0159 (decimal 345)
   defining Unicode char U+015A (decimal 346)
   defining Unicode char U+015B (decimal 347)
   defining Unicode char U+015E (decimal 350)
   defining Unicode char U+015F (decimal 351)
   defining Unicode char U+0160 (decimal 352)
   defining Unicode char U+0161 (decimal 353)
   defining Unicode char U+0162 (decimal 354)
   defining Unicode char U+0163 (decimal 355)
   defining Unicode char U+0164 (decimal 356)
   defining Unicode char U+0165 (decimal 357)
   defining Unicode char U+016E (decimal 366)
   defining Unicode char U+016F (decimal 367)
   defining Unicode char U+0170 (decimal 368)
   defining Unicode char U+0171 (decimal 369)
   defining Unicode char U+0174 (decimal 372)
   defining Unicode char U+0175 (decimal 373)
   defining Unicode char U+0176 (decimal 374)
   defining Unicode char U+0177 (decimal 375)
   defining Unicode char U+0178 (decimal 376)
   defining Unicode char U+0179 (decimal 377)
   defining Unicode char U+017A (decimal 378)
   defining Unicode char U+017B (decimal 379)
   defining Unicode char U+017C (decimal 380)
   defining Unicode char U+017D (decimal 381)
   defining Unicode char U+017E (decimal 382)
   defining Unicode char U+0218 (decimal 536)
   defining Unicode char U+0219 (decimal 537)
   defining Unicode char U+021A (decimal 538)
   defining Unicode char U+021B (decimal 539)
   defining Unicode char U+200C (decimal 8204)
   defining Unicode char U+2013 (decimal 8211)
   defining Unicode char U+2014 (decimal 8212)
   defining Unicode char U+2018 (decimal 8216)
   defining Unicode char U+2019 (decimal 8217)
   defining Unicode char U+201A (decimal 8218)
   defining Unicode char U+201C (decimal 8220)
   defining Unicode char U+201D (decimal 8221)
   defining Unicode char U+201E (decimal 8222)
   defining Unicode char U+2030 (decimal 8240)
   defining Unicode char U+2031 (decimal 8241)
   defining Unicode char U+2039 (decimal 8249)
   defining Unicode char U+203A (decimal 8250)
   defining Unicode char U+2423 (decimal 9251)
)
Now handling font encoding OT1 ...
... processing UTF-8 mapping file for font encoding OT1

("C:\Users\zVoxty\AppData\Local\Programs\MiKTeX 2.9\tex\latex\base\ot1enc.dfu"
File: ot1enc.dfu 2015/09/07 v1.1p UTF-8 support for inputenc
   defining Unicode char U+00A0 (decimal 160)
   defining Unicode char U+00A1 (decimal 161)
   defining Unicode char U+00A3 (decimal 163)
   defining Unicode char U+00AD (decimal 173)
   defining Unicode char U+00B8 (decimal 184)
   defining Unicode char U+00BF (decimal 191)
   defining Unicode char U+00C5 (decimal 197)
   defining Unicode char U+00C6 (decimal 198)
   defining Unicode char U+00D8 (decimal 216)
   defining Unicode char U+00DF (decimal 223)
   defining Unicode char U+00E6 (decimal 230)
   defining Unicode char U+00EC (decimal 236)
   defining Unicode char U+00ED (decimal 237)
   defining Unicode char U+00EE (decimal 238)
   defining Unicode char U+00EF (decimal 239)
   defining Unicode char U+00F8 (decimal 248)
   defining Unicode char U+0131 (decimal 305)
   defining Unicode char U+0141 (decimal 321)
   defining Unicode char U+0142 (decimal 322)
   defining Unicode char U+0152 (decimal 338)
   defining Unicode char U+0153 (decimal 339)
   defining Unicode char U+0174 (decimal 372)
   defining Unicode char U+0175 (decimal 373)
   defining Unicode char U+0176 (decimal 374)
   defining Unicode char U+0177 (decimal 375)
   defining Unicode char U+0218 (decimal 536)
   defining Unicode char U+0219 (decimal 537)
   defining Unicode char U+021A (decimal 538)
   defining Unicode char U+021B (decimal 539)
   defining Unicode char U+2013 (decimal 8211)
   defining Unicode char U+2014 (decimal 8212)
   defining Unicode char U+2018 (decimal 8216)
   defining Unicode char U+2019 (decimal 8217)
   defining Unicode char U+201C (decimal 8220)
   defining Unicode char U+201D (decimal 8221)
)
Now handling font encoding OMS ...
... processing UTF-8 mapping file for font encoding OMS
("C:\Users\zVoxty\AppData\Local\Programs\MiKTeX 2.9\tex\latex\base\omsenc.dfu"
File: omsenc.dfu 2015/09/07 v1.1p UTF-8 support for inputenc
   defining Unicode char U+00A7 (decimal 167)
   defining Unicode char U+00B6 (decimal 182)
   defining Unicode char U+00B7 (decimal 183)
   defining Unicode char U+2020 (decimal 8224)
   defining Unicode char U+2021 (decimal 8225)
   defining Unicode char U+2022 (decimal 8226)
)
Now handling font encoding OMX ...
... no UTF-8 mapping file for font encoding OMX
Now handling font encoding U ...
... no UTF-8 mapping file for font encoding U
   defining Unicode char U+00A9 (decimal 169)
   defining Unicode char U+00AA (decimal 170)
   defining Unicode char U+00AE (decimal 174)
   defining Unicode char U+00BA (decimal 186)
   defining Unicode char U+02C6 (decimal 710)
   defining Unicode char U+02DC (decimal 732)
   defining Unicode char U+200C (decimal 8204)
   defining Unicode char U+2026 (decimal 8230)
   defining Unicode char U+2122 (decimal 8482)
   defining Unicode char U+2423 (decimal 9251)
))
("C:\Users\zVoxty\AppData\Local\Programs\MiKTeX 2.9\tex\latex\base\makeidx.sty"
Package: makeidx 2014/09/29 v1.0m Standard LaTeX package
)
("C:\Users\zVoxty\AppData\Local\Programs\MiKTeX 2.9\tex\latex\tools\multicol.st
y"
Package: multicol 2015/08/19 v1.8n multicolumn formatting (FMi)
\c@tracingmulticols=\count109
\mult@box=\box39
\multicol@leftmargin=\dimen135
\c@unbalance=\count110
\c@collectmore=\count111
\doublecol@number=\count112
\multicoltolerance=\count113
\multicolpretolerance=\count114
\full@width=\dimen136
\page@free=\dimen137
\premulticols=\dimen138
\postmulticols=\dimen139
\multicolsep=\skip55
\multicolbaselineskip=\skip56
\partial@page=\box40
\last@line=\box41
\maxbalancingoverflow=\dimen140
\mult@rightbox=\box42
\mult@grightbox=\box43
\mult@gfirstbox=\box44
\mult@firstbox=\box45
\@tempa=\box46
\@tempa=\box47
\@tempa=\box48
\@tempa=\box49
\@tempa=\box50
\@tempa=\box51
\@tempa=\box52
\@tempa=\box53
\@tempa=\box54
\@tempa=\box55
\@tempa=\box56
\@tempa=\box57
\@tempa=\box58
\@tempa=\box59
\@tempa=\box60
\@tempa=\box61
\@tempa=\box62
\c@columnbadness=\count115
\c@finalcolumnbadness=\count116
\last@try=\dimen141
\multicolovershoot=\dimen142
\multicolundershoot=\dimen143
\mult@nat@firstbox=\box63
\colbreak@box=\box64
\mc@col@check@num=\count117
)
("C:\Users\zVoxty\AppData\Local\Programs\MiKTeX 2.9\tex\latex\base\textcomp.sty
"
Package: textcomp 2005/09/27 v1.99g Standard LaTeX package
Package textcomp Info: Sub-encoding information:
(textcomp)               5 = only ISO-Adobe without \textcurrency
(textcomp)               4 = 5 + \texteuro
(textcomp)               3 = 4 + \textohm
(textcomp)               2 = 3 + \textestimated + \textcurrency
(textcomp)               1 = TS1 - \textcircled - \t
(textcomp)               0 = TS1 (full)
(textcomp)             Font families with sub-encoding setting implement
(textcomp)             only a restricted character set as indicated.
(textcomp)             Family '?' is the default used for unknown fonts.
(textcomp)             See the documentation for details.
Package textcomp Info: Setting ? sub-encoding to TS1/1 on input line 79.
 ("C:\Users\zVoxty\AppData\Local\Programs\MiKTeX 2.9\tex\latex\base\ts1enc.def"
File: ts1enc.def 2001/06/05 v3.0e (jk/car/fm) Standard LaTeX file
Now handling font encoding TS1 ...
... processing UTF-8 mapping file for font encoding TS1
 ("C:\Users\zVoxty\AppData\Local\Programs\MiKTeX 2.9\tex\latex\base\ts1enc.dfu"
File: ts1enc.dfu 2015/09/07 v1.1p UTF-8 support for inputenc
   defining Unicode char U+00A2 (decimal 162)
   defining Unicode char U+00A3 (decimal 163)
   defining Unicode char U+00A4 (decimal 164)
   defining Unicode char U+00A5 (decimal 165)
   defining Unicode char U+00A6 (decimal 166)
   defining Unicode char U+00A7 (decimal 167)
   defining Unicode char U+00A8 (decimal 168)
   defining Unicode char U+00A9 (decimal 169)
   defining Unicode char U+00AA (decimal 170)
   defining Unicode char U+00AC (decimal 172)
   defining Unicode char U+00AE (decimal 174)
   defining Unicode char U+00AF (decimal 175)
   defining Unicode char U+00B0 (decimal 176)
   defining Unicode char U+00B1 (decimal 177)
   defining Unicode char U+00B2 (decimal 178)
   defining Unicode char U+00B3 (decimal 179)
   defining Unicode char U+00B4 (decimal 180)
   defining Unicode char U+00B5 (decimal 181)
   defining Unicode char U+00B6 (decimal 182)
   defining Unicode char U+00B7 (decimal 183)
   defining Unicode char U+00B9 (decimal 185)
   defining Unicode char U+00BA (decimal 186)
   defining Unicode char U+00BC (decimal 188)
   defining Unicode char U+00BD (decimal 189)
   defining Unicode char U+00BE (decimal 190)
   defining Unicode char U+00D7 (decimal 215)
   defining Unicode char U+00F7 (decimal 247)
   defining Unicode char U+0192 (decimal 402)
   defining Unicode char U+02C7 (decimal 711)
   defining Unicode char U+02D8 (decimal 728)
   defining Unicode char U+02DD (decimal 733)
   defining Unicode char U+0E3F (decimal 3647)
   defining Unicode char U+2016 (decimal 8214)
   defining Unicode char U+2020 (decimal 8224)
   defining Unicode char U+2021 (decimal 8225)
   defining Unicode char U+2022 (decimal 8226)
   defining Unicode char U+2030 (decimal 8240)
   defining Unicode char U+2031 (decimal 8241)
   defining Unicode char U+203B (decimal 8251)
   defining Unicode char U+203D (decimal 8253)
   defining Unicode char U+2044 (decimal 8260)
   defining Unicode char U+204E (decimal 8270)
   defining Unicode char U+2052 (decimal 8274)
   defining Unicode char U+20A1 (decimal 8353)
   defining Unicode char U+20A4 (decimal 8356)
   defining Unicode char U+20A6 (decimal 8358)
   defining Unicode char U+20A9 (decimal 8361)
   defining Unicode char U+20AB (decimal 8363)
   defining Unicode char U+20AC (decimal 8364)
   defining Unicode char U+20B1 (decimal 8369)
   defining Unicode char U+2103 (decimal 8451)
   defining Unicode char U+2116 (decimal 8470)
   defining Unicode char U+2117 (decimal 8471)
   defining Unicode char U+211E (decimal 8478)
   defining Unicode char U+2120 (decimal 8480)
   defining Unicode char U+2122 (decimal 8482)
   defining Unicode char U+2126 (decimal 8486)
   defining Unicode char U+2127 (decimal 8487)
   defining Unicode char U+212E (decimal 8494)
   defining Unicode char U+2190 (decimal 8592)
   defining Unicode char U+2191 (decimal 8593)
   defining Unicode char U+2192 (decimal 8594)
   defining Unicode char U+2193 (decimal 8595)
   defining Unicode char U+2329 (decimal 9001)
   defining Unicode char U+232A (decimal 9002)
   defining Unicode char U+2422 (decimal 9250)
   defining Unicode char U+25E6 (decimal 9702)
   defining Unicode char U+25EF (decimal 9711)
   defining Unicode char U+266A (decimal 9834)
))
LaTeX Info: Redefining \oldstylenums on input line 334.
Package textcomp Info: Setting cmr sub-encoding to TS1/0 on input line 349.
Package textcomp Info: Setting cmss sub-encoding to TS1/0 on input line 350.
Package textcomp Info: Setting cmtt sub-encoding to TS1/0 on input line 351.
Package textcomp Info: Setting cmvtt sub-encoding to TS1/0 on input line 352.
Package textcomp Info: Setting cmbr sub-encoding to TS1/0 on input line 353.
Package textcomp Info: Setting cmtl sub-encoding to TS1/0 on input line 354.
Package textcomp Info: Setting ccr sub-encoding to TS1/0 on input line 355.
Package textcomp Info: Setting ptm sub-encoding to TS1/4 on input line 356.
Package textcomp Info: Setting pcr sub-encoding to TS1/4 on input line 357.
Package textcomp Info: Setting phv sub-encoding to TS1/4 on input line 358.
Package textcomp Info: Setting ppl sub-encoding to TS1/3 on input line 359.
Package textcomp Info: Setting pag sub-encoding to TS1/4 on input line 360.
Package textcomp Info: Setting pbk sub-encoding to TS1/4 on input line 361.
Package textcomp Info: Setting pnc sub-encoding to TS1/4 on input line 362.
Package textcomp Info: Setting pzc sub-encoding to TS1/4 on input line 363.
Package textcomp Info: Setting bch sub-encoding to TS1/4 on input line 364.
Package textcomp Info: Setting put sub-encoding to TS1/5 on input line 365.
Package textcomp Info: Setting uag sub-encoding to TS1/5 on input line 366.
Package textcomp Info: Setting ugq sub-encoding to TS1/5 on input line 367.
Package textcomp Info: Setting ul8 sub-encoding to TS1/4 on input line 368.
Package textcomp Info: Setting ul9 sub-encoding to TS1/4 on input line 369.
Package textcomp Info: Setting augie sub-encoding to TS1/5 on input line 370.
Package textcomp Info: Setting dayrom sub-encoding to TS1/3 on input line 371.
Package textcomp Info: Setting dayroms sub-encoding to TS1/3 on input line 372.

Package textcomp Info: Setting pxr sub-encoding to TS1/0 on input line 373.
Package textcomp Info: Setting pxss sub-encoding to TS1/0 on input line 374.
Package textcomp Info: Setting pxtt sub-encoding to TS1/0 on input line 375.
Package textcomp Info: Setting txr sub-encoding to TS1/0 on input line 376.
Package textcomp Info: Setting txss sub-encoding to TS1/0 on input line 377.
Package textcomp Info: Setting txtt sub-encoding to TS1/0 on input line 378.
Package textcomp Info: Setting lmr sub-encoding to TS1/0 on input line 379.
Package textcomp Info: Setting lmdh sub-encoding to TS1/0 on input line 380.
Package textcomp Info: Setting lmss sub-encoding to TS1/0 on input line 381.
Package textcomp Info: Setting lmssq sub-encoding to TS1/0 on input line 382.
Package textcomp Info: Setting lmvtt sub-encoding to TS1/0 on input line 383.
Package textcomp Info: Setting lmtt sub-encoding to TS1/0 on input line 384.
Package textcomp Info: Setting qhv sub-encoding to TS1/0 on input line 385.
Package textcomp Info: Setting qag sub-encoding to TS1/0 on input line 386.
Package textcomp Info: Setting qbk sub-encoding to TS1/0 on input line 387.
Package textcomp Info: Setting qcr sub-encoding to TS1/0 on input line 388.
Package textcomp Info: Setting qcs sub-encoding to TS1/0 on input line 389.
Package textcomp Info: Setting qpl sub-encoding to TS1/0 on input line 390.
Package textcomp Info: Setting qtm sub-encoding to TS1/0 on input line 391.
Package textcomp Info: Setting qzc sub-encoding to TS1/0 on input line 392.
Package textcomp Info: Setting qhvc sub-encoding to TS1/0 on input line 393.
Package textcomp Info: Setting futs sub-encoding to TS1/4 on input line 394.
Package textcomp Info: Setting futx sub-encoding to TS1/4 on input line 395.
Package textcomp Info: Setting futj sub-encoding to TS1/4 on input line 396.
Package textcomp Info: Setting hlh sub-encoding to TS1/3 on input line 397.
Package textcomp Info: Setting hls sub-encoding to TS1/3 on input line 398.
Package textcomp Info: Setting hlst sub-encoding to TS1/3 on input line 399.
Package textcomp Info: Setting hlct sub-encoding to TS1/5 on input line 400.
Package textcomp Info: Setting hlx sub-encoding to TS1/5 on input line 401.
Package textcomp Info: Setting hlce sub-encoding to TS1/5 on input line 402.
Package textcomp Info: Setting hlcn sub-encoding to TS1/5 on input line 403.
Package textcomp Info: Setting hlcw sub-encoding to TS1/5 on input line 404.
Package textcomp Info: Setting hlcf sub-encoding to TS1/5 on input line 405.
Package textcomp Info: Setting pplx sub-encoding to TS1/3 on input line 406.
Package textcomp Info: Setting pplj sub-encoding to TS1/3 on input line 407.
Package textcomp Info: Setting ptmx sub-encoding to TS1/4 on input line 408.
Package textcomp Info: Setting ptmj sub-encoding to TS1/4 on input line 409.
)
("C:\Users\zVoxty\AppData\Local\Programs\MiKTeX 2.9\tex\latex\wasysym\wasysym.s
ty"
Package: wasysym 2003/10/30 v2.0 Wasy-2 symbol support package
\symwasy=\mathgroup4
LaTeX Font Info:    Overwriting symbol font `wasy' in version `bold'
(Font)                  U/wasy/m/n --> U/wasy/b/n on input line 90.
)
("C:\Users\zVoxty\AppData\Local\Programs\MiKTeX 2.9\tex\latex\base\fontenc.sty"
Package: fontenc 2005/09/27 v1.99g Standard LaTeX package
("C:\Users\zVoxty\AppData\Local\Programs\MiKTeX 2.9\tex\latex\base\t1enc.def"
File: t1enc.def 2005/09/27 v1.99g Standard LaTeX file
LaTeX Font Info:    Redeclaring font encoding T1 on input line 48.
)) ("C:\Users\zVoxty\AppData\Local\Programs\MiKTeX 2.9\tex\latex\psnfss\helvet.
sty"
Package: helvet 2005/04/12 PSNFSS-v9.2a (WaS) 
)
("C:\Users\zVoxty\AppData\Local\Programs\MiKTeX 2.9\tex\latex\psnfss\courier.st
y"
Package: courier 2005/04/12 PSNFSS-v9.2a (WaS) 
)
("C:\Users\zVoxty\AppData\Local\Programs\MiKTeX 2.9\tex\latex\amsfonts\amssymb.
sty"
Package: amssymb 2013/01/14 v3.01 AMS font symbols

("C:\Users\zVoxty\AppData\Local\Programs\MiKTeX 2.9\tex\latex\amsfonts\amsfonts
.sty"
Package: amsfonts 2013/01/14 v3.01 Basic AMSFonts support
\@emptytoks=\toks28
\symAMSa=\mathgroup5
\symAMSb=\mathgroup6
LaTeX Font Info:    Overwriting math alphabet `\mathfrak' in version `bold'
(Font)                  U/euf/m/n --> U/euf/b/n on input line 106.
))
("C:\Users\zVoxty\AppData\Local\Programs\MiKTeX 2.9\tex\latex\sectsty\sectsty.s
ty"
Package: sectsty 2002/02/25 v2.0.2 Commands to change all sectional heading sty
les
)
("C:\Users\zVoxty\AppData\Local\Programs\MiKTeX 2.9\tex\latex\geometry\geometry
.sty"
Package: geometry 2010/09/12 v5.6 Page Geometry

("C:\Users\zVoxty\AppData\Local\Programs\MiKTeX 2.9\tex\generic\oberdiek\ifpdf.
sty"
Package: ifpdf 2011/01/30 v2.3 Provides the ifpdf switch (HO)
Package ifpdf Info: pdfTeX in PDF mode is detected.
)
("C:\Users\zVoxty\AppData\Local\Programs\MiKTeX 2.9\tex\generic\oberdiek\ifvtex
.sty"
Package: ifvtex 2010/03/01 v1.5 Detect VTeX and its facilities (HO)
Package ifvtex Info: VTeX not detected.
)
("C:\Users\zVoxty\AppData\Local\Programs\MiKTeX 2.9\tex\generic\ifxetex\ifxetex
.sty"
Package: ifxetex 2010/09/12 v0.6 Provides ifxetex conditional
)
\Gm@cnth=\count118
\Gm@cntv=\count119
\c@Gm@tempcnt=\count120
\Gm@bindingoffset=\dimen144
\Gm@wd@mp=\dimen145
\Gm@odd@mp=\dimen146
\Gm@even@mp=\dimen147
\Gm@layoutwidth=\dimen148
\Gm@layoutheight=\dimen149
\Gm@layouthoffset=\dimen150
\Gm@layoutvoffset=\dimen151
\Gm@dimlist=\toks29

("C:\Users\zVoxty\AppData\Local\Programs\MiKTeX 2.9\tex\latex\geometry\geometry
.cfg"))
("C:\Users\zVoxty\AppData\Local\Programs\MiKTeX 2.9\tex\latex\fancyhdr\fancyhdr
.sty"
\fancy@headwidth=\skip57
\f@ncyO@elh=\skip58
\f@ncyO@erh=\skip59
\f@ncyO@olh=\skip60
\f@ncyO@orh=\skip61
\f@ncyO@elf=\skip62
\f@ncyO@erf=\skip63
\f@ncyO@olf=\skip64
\f@ncyO@orf=\skip65
)
("C:\Users\zVoxty\AppData\Local\Programs\MiKTeX 2.9\tex\latex\natbib\natbib.sty
"
Package: natbib 2010/09/13 8.31b (PWD, AO)
\bibhang=\skip66
\bibsep=\skip67
LaTeX Info: Redefining \cite on input line 694.
\c@NAT@ctr=\count121
)
("C:\Users\zVoxty\AppData\Local\Programs\MiKTeX 2.9\tex\latex\tocloft\tocloft.s
ty"
Package: tocloft 2013/05/02 v2.3f parameterised ToC, etc., typesetting
Package tocloft Info: The document has chapter divisions on input line 44.
\cftparskip=\skip68
\cftbeforetoctitleskip=\skip69
\cftaftertoctitleskip=\skip70
\cftbeforepartskip=\skip71
\cftpartnumwidth=\skip72
\cftpartindent=\skip73
\cftbeforechapskip=\skip74
\cftchapindent=\skip75
\cftchapnumwidth=\skip76
\cftbeforesecskip=\skip77
\cftsecindent=\skip78
\cftsecnumwidth=\skip79
\cftbeforesubsecskip=\skip80
\cftsubsecindent=\skip81
\cftsubsecnumwidth=\skip82
\cftbeforesubsubsecskip=\skip83
\cftsubsubsecindent=\skip84
\cftsubsubsecnumwidth=\skip85
\cftbeforeparaskip=\skip86
\cftparaindent=\skip87
\cftparanumwidth=\skip88
\cftbeforesubparaskip=\skip89
\cftsubparaindent=\skip90
\cftsubparanumwidth=\skip91
\cftbeforeloftitleskip=\skip92
\cftafterloftitleskip=\skip93
\cftbeforefigskip=\skip94
\cftfigindent=\skip95
\cftfignumwidth=\skip96
\c@lofdepth=\count122
\c@lotdepth=\count123
\cftbeforelottitleskip=\skip97
\cftafterlottitleskip=\skip98
\cftbeforetabskip=\skip99
\cfttabindent=\skip100
\cfttabnumwidth=\skip101
)
\@indexfile=\write3
\openout3 = `refman.idx'.


Writing index file refman.idx

("C:\Users\zVoxty\AppData\Local\Programs\MiKTeX 2.9\tex\latex\caption\caption.s
ty"
Package: caption 2016/02/21 v3.3-144 Customizing captions (AR)

("C:\Users\zVoxty\AppData\Local\Programs\MiKTeX 2.9\tex\latex\caption\caption3.
sty"
Package: caption3 2016/02/04 v1.7-139 caption3 kernel (AR)
Package caption3 Info: TeX engine: e-TeX on input line 67.
\captionmargin=\dimen152
\captionmargin@=\dimen153
\captionwidth=\dimen154
\caption@tempdima=\dimen155
\caption@indent=\dimen156
\caption@parindent=\dimen157
\caption@hangindent=\dimen158
)
\c@ContinuedFloat=\count124
Package caption Info: float package is loaded.
Package caption Info: longtable package is loaded.

("C:\Users\zVoxty\AppData\Local\Programs\MiKTeX 2.9\tex\latex\caption\ltcaption
.sty"
Package: ltcaption 2013/06/09 v1.4-94 longtable captions (AR)
)) (refman.aux)
\openout1 = `refman.aux'.

LaTeX Font Info:    Checking defaults for OML/cmm/m/it on input line 103.
LaTeX Font Info:    ... okay on input line 103.
LaTeX Font Info:    Checking defaults for T1/cmr/m/n on input line 103.
LaTeX Font Info:    ... okay on input line 103.
LaTeX Font Info:    Checking defaults for OT1/cmr/m/n on input line 103.
LaTeX Font Info:    ... okay on input line 103.
LaTeX Font Info:    Checking defaults for OMS/cmsy/m/n on input line 103.
LaTeX Font Info:    ... okay on input line 103.
LaTeX Font Info:    Checking defaults for OMX/cmex/m/n on input line 103.
LaTeX Font Info:    ... okay on input line 103.
LaTeX Font Info:    Checking defaults for U/cmr/m/n on input line 103.
LaTeX Font Info:    ... okay on input line 103.
LaTeX Font Info:    Checking defaults for TS1/cmr/m/n on input line 103.
LaTeX Font Info:    Try loading font information for TS1+cmr on input line 103.


("C:\Users\zVoxty\AppData\Local\Programs\MiKTeX 2.9\tex\latex\base\ts1cmr.fd"
File: ts1cmr.fd 2014/09/29 v2.5h Standard LaTeX font definitions
)
LaTeX Font Info:    ... okay on input line 103.
LaTeX Font Info:    Try loading font information for T1+phv on input line 103.

("C:\Users\zVoxty\AppData\Local\Programs\MiKTeX 2.9\tex\latex\psnfss\t1phv.fd"
File: t1phv.fd 2001/06/04 scalable font definitions for T1/phv.
)
LaTeX Font Info:    Font shape `T1/phv/m/n' will be
(Font)              scaled to size 8.99994pt on input line 103.

("C:\Users\zVoxty\AppData\Local\Programs\MiKTeX 2.9\tex\context\base\supp-pdf.m
kii"
[Loading MPS to PDF converter (version 2006.09.02).]
\scratchcounter=\count125
\scratchdimen=\dimen159
\scratchbox=\box65
\nofMPsegments=\count126
\nofMParguments=\count127
\everyMPshowfont=\toks30
\MPscratchCnt=\count128
\MPscratchDim=\dimen160
\MPnumerator=\count129
\makeMPintoPDFobject=\count130
\everyMPtoPDFconversion=\toks31
)
*geometry* driver: auto-detecting
*geometry* detected driver: pdftex
*geometry* verbose mode - [ preamble ] result:
* driver: pdftex
* paper: a4paper
* layout: <same size as paper>
* layoutoffset:(h,v)=(0.0pt,0.0pt)
* modes: twoside 
* h-part:(L,W,R)=(71.13188pt, 455.24411pt, 71.13188pt)
* v-part:(T,H,B)=(71.13188pt, 702.78308pt, 71.13188pt)
* \paperwidth=597.50787pt
* \paperheight=845.04684pt
* \textwidth=455.24411pt
* \textheight=702.78308pt
* \oddsidemargin=-1.1381pt
* \evensidemargin=-1.1381pt
* \topmargin=-31.2056pt
* \headheight=12.0pt
* \headsep=18.06749pt
* \topskip=10.0pt
* \footskip=25.29494pt
* \marginparwidth=125.0pt
* \marginparsep=7.0pt
* \columnsep=10.0pt
* \skip\footins=9.0pt plus 4.0pt minus 2.0pt
* \hoffset=0.0pt
* \voffset=0.0pt
* \mag=1000
* \@twocolumnfalse
* \@twosidetrue
* \@mparswitchtrue
* \@reversemarginfalse
* (1in=72.27pt=25.4mm, 1cm=28.453pt)

Package caption Info: Begin \AtBeginDocument code.
Package caption Info: End \AtBeginDocument code.
LaTeX Font Info:    Font shape `T1/phv/m/n' will be
(Font)              scaled to size 12.9599pt on input line 110.
LaTeX Font Info:    Font shape `T1/phv/m/n' will be
(Font)              scaled to size 10.79993pt on input line 112.
[1


{C:/Users/zVoxty/AppData/Local/MiKTeX/2.9/pdftex/config/pdftex.map}] [2

]
LaTeX Font Info:    Font shape `T1/phv/m/n' will be
(Font)              scaled to size 22.39185pt on input line 116.
LaTeX Font Info:    Font shape `T1/phv/bx/n' in size <24.88> not available
(Font)              Font shape `T1/phv/b/n' tried instead on input line 116.
LaTeX Font Info:    Font shape `T1/phv/b/n' will be
(Font)              scaled to size 22.39185pt on input line 116.
LaTeX Font Info:    Font shape `T1/phv/bc/n' will be
(Font)              scaled to size 22.39185pt on input line 116.

(refman.toc
LaTeX Font Info:    Font shape `T1/phv/bx/n' in size <10> not available
(Font)              Font shape `T1/phv/b/n' tried instead on input line 1.
LaTeX Font Info:    Font shape `T1/phv/b/n' will be
(Font)              scaled to size 8.99994pt on input line 1.
LaTeX Font Info:    Try loading font information for U+wasy on input line 1.

("C:\Users\zVoxty\AppData\Local\Programs\MiKTeX 2.9\tex\latex\wasysym\uwasy.fd"
File: uwasy.fd 2003/10/30 v2.0 Wasy-2 symbol font definitions
)
LaTeX Font Info:    Try loading font information for U+msa on input line 1.
 ("C:\Users\zVoxty\AppData\Local\Programs\MiKTeX 2.9\tex\latex\amsfonts\umsa.fd
"
File: umsa.fd 2013/01/14 v3.01 AMS symbols A
)
LaTeX Font Info:    Try loading font information for U+msb on input line 1.

("C:\Users\zVoxty\AppData\Local\Programs\MiKTeX 2.9\tex\latex\amsfonts\umsb.fd"
File: umsb.fd 2013/01/14 v3.01 AMS symbols B
)
LaTeX Font Info:    Font shape `T1/phv/m/n' will be
(Font)              scaled to size 6.29996pt on input line 4.

Underfull \hbox (badness 1342) in paragraph at lines 23--23
 [][] []\T1/phv/m/n/10 print[]Puzzle[]In[]File([]F[]I[]L[]E $\OMS/cmsy/m/n/10 
$\T1/phv/m/n/10 filename, int puzzle[Size[]Of[]Puzzle][Size[]Of[]Puzzle], int 
 []

[3

])
\tf@toc=\write4
\openout4 = `refman.toc'.

LaTeX Font Info:    Font shape `T1/phv/bx/n' in size <7> not available
(Font)              Font shape `T1/phv/b/n' tried instead on input line 117.
LaTeX Font Info:    Font shape `T1/phv/b/n' will be
(Font)              scaled to size 6.29996pt on input line 117.
 [4]
Chapter 1.
LaTeX Font Info:    Font shape `T1/phv/m/n' will be
(Font)              scaled to size 18.66588pt on input line 121.
LaTeX Font Info:    Font shape `T1/phv/bx/n' in size <20.74> not available
(Font)              Font shape `T1/phv/b/n' tried instead on input line 121.
LaTeX Font Info:    Font shape `T1/phv/b/n' will be
(Font)              scaled to size 18.66588pt on input line 121.
LaTeX Font Info:    Font shape `T1/phv/bc/n' will be
(Font)              scaled to size 18.66588pt on input line 121.
(files.tex
LaTeX Font Info:    Font shape `T1/phv/bx/n' in size <14.4> not available
(Font)              Font shape `T1/phv/b/n' tried instead on input line 1.
LaTeX Font Info:    Font shape `T1/phv/b/n' will be
(Font)              scaled to size 12.9599pt on input line 1.
LaTeX Font Info:    Font shape `T1/phv/bc/n' will be
(Font)              scaled to size 12.9599pt on input line 1.
) [1


] [2

]
Chapter 2.
(_display_8c.tex
LaTeX Font Info:    Font shape `T1/phv/bc/n' will be
(Font)              scaled to size 6.29996pt on input line 1.
LaTeX Font Info:    Try loading font information for T1+pcr on input line 3.

("C:\Users\zVoxty\AppData\Local\Programs\MiKTeX 2.9\tex\latex\psnfss\t1pcr.fd"
File: t1pcr.fd 2001/06/04 font definitions for T1/pcr.
) <_display_8c__incl.pdf, id=26, 346.29375pt x 212.795pt>
File: _display_8c__incl.pdf Graphic file (type pdf)

<use _display_8c__incl.pdf>
Package pdftex.def Info: _display_8c__incl.pdf used on input line 9.
(pdftex.def)             Requested size: 345.0pt x 212.00543pt.
LaTeX Font Info:    Font shape `T1/phv/bx/n' in size <12> not available
(Font)              Font shape `T1/phv/b/n' tried instead on input line 12.
LaTeX Font Info:    Font shape `T1/phv/b/n' will be
(Font)              scaled to size 10.79993pt on input line 12.
LaTeX Font Info:    Font shape `T1/phv/bc/n' will be
(Font)              scaled to size 10.79993pt on input line 12.
LaTeX Font Info:    Try loading font information for TS1+phv on input line 15.

("C:\Users\zVoxty\AppData\Local\Programs\MiKTeX 2.9\tex\latex\psnfss\ts1phv.fd"
File: ts1phv.fd 2001/06/04 scalable font definitions for TS1/phv.
)
LaTeX Font Info:    Font shape `TS1/phv/m/n' will be
(Font)              scaled to size 8.99994pt on input line 15.
LaTeX Font Info:    Font shape `T1/phv/m/n' will be
(Font)              scaled to size 8.09995pt on input line 16.
LaTeX Font Info:    Font shape `T1/phv/m/it' in size <9> not available
(Font)              Font shape `T1/phv/m/sl' tried instead on input line 16.
LaTeX Font Info:    Font shape `T1/phv/m/sl' will be
(Font)              scaled to size 8.09995pt on input line 16.
 [3 <./_display_8c__incl.pdf>]
LaTeX Font Info:    Font shape `T1/phv/bc/n' will be
(Font)              scaled to size 8.99994pt on input line 39.
LaTeX Font Info:    Font shape `T1/phv/bc/it' in size <10> not available
(Font)              Font shape `T1/phv/bc/sl' tried instead on input line 39.
LaTeX Font Info:    Font shape `T1/phv/bc/sl' will be
(Font)              scaled to size 8.99994pt on input line 39.
LaTeX Font Info:    Font shape `T1/phv/bc/it' in size <7> not available
(Font)              Font shape `T1/phv/bc/sl' tried instead on input line 39.
LaTeX Font Info:    Font shape `T1/phv/bc/sl' will be
(Font)              scaled to size 6.29996pt on input line 39.

<_display_8c_a24f742529f237af6fdbcf8ed04f07be9_cgraph.pdf, id=42, 335.2525pt x 
100.375pt>
File: _display_8c_a24f742529f237af6fdbcf8ed04f07be9_cgraph.pdf Graphic file (ty
pe pdf)
 <use _display_8c_a24f742529f237af6fdbcf8ed04f07be9_cgraph.pdf>
Package pdftex.def Info: _display_8c_a24f742529f237af6fdbcf8ed04f07be9_cgraph.p
df used on input line 58.
(pdftex.def)             Requested size: 334.0pt x 99.9995pt.

<_display_8c_a24f742529f237af6fdbcf8ed04f07be9_icgraph.pdf, id=43, 208.78pt x 1
00.375pt>
File: _display_8c_a24f742529f237af6fdbcf8ed04f07be9_icgraph.pdf Graphic file (t
ype pdf)
 <use _display_8c_a24f742529f237af6fdbcf8ed04f07be9_icgraph.pdf>
Package pdftex.def Info: _display_8c_a24f742529f237af6fdbcf8ed04f07be9_icgraph.
pdf used on input line 70.
(pdftex.def)             Requested size: 208.0pt x 100.00562pt.

<_display_8c_a715f37ae3e08e5f6d3e95eb5f4d8adc3_cgraph.pdf, id=44, 327.2225pt x 
138.5175pt>
File: _display_8c_a715f37ae3e08e5f6d3e95eb5f4d8adc3_cgraph.pdf Graphic file (ty
pe pdf)
 <use _display_8c_a715f37ae3e08e5f6d3e95eb5f4d8adc3_cgraph.pdf>
Package pdftex.def Info: _display_8c_a715f37ae3e08e5f6d3e95eb5f4d8adc3_cgraph.p
df used on input line 95.
(pdftex.def)             Requested size: 326.0pt x 137.99931pt.

<_display_8c_a715f37ae3e08e5f6d3e95eb5f4d8adc3_icgraph.pdf, id=45, 194.7275pt x
 100.375pt>
File: _display_8c_a715f37ae3e08e5f6d3e95eb5f4d8adc3_icgraph.pdf Graphic file (t
ype pdf)
 <use _display_8c_a715f37ae3e08e5f6d3e95eb5f4d8adc3_icgraph.pdf>
Package pdftex.def Info: _display_8c_a715f37ae3e08e5f6d3e95eb5f4d8adc3_icgraph.
pdf used on input line 107.
(pdftex.def)             Requested size: 194.0pt x 100.00409pt.

[4 <./_display_8c_a24f742529f237af6fdbcf8ed04f07be9_cgraph.pdf> <./_display_8c_
a24f742529f237af6fdbcf8ed04f07be9_icgraph.pdf

pdfTeX warning: pdflatex (file ./_display_8c_a24f742529f237af6fdbcf8ed04f07be9_
icgraph.pdf): PDF inclusion: multiple pdfs with page group included in a single
 page
> <./_display_8c_a715f37ae3e08e5f6d3e95eb5f4d8adc3_cgraph.pdf

pdfTeX warning: pdflatex (file ./_display_8c_a715f37ae3e08e5f6d3e95eb5f4d8adc3_
cgraph.pdf): PDF inclusion: multiple pdfs with page group included in a single 
page
>]
<_display_8c_ab972c0e63449ab0cbfed7cdcc3d3f534_icgraph.pdf, id=75, 232.87pt x 1
00.375pt>
File: _display_8c_ab972c0e63449ab0cbfed7cdcc3d3f534_icgraph.pdf Graphic file (t
ype pdf)
 <use _display_8c_ab972c0e63449ab0cbfed7cdcc3d3f534_icgraph.pdf>
Package pdftex.def Info: _display_8c_ab972c0e63449ab0cbfed7cdcc3d3f534_icgraph.
pdf used on input line 130.
(pdftex.def)             Requested size: 232.0pt x 100.00409pt.

<_display_8c_ae19873683ff86a7e6f531517e9eb079b_cgraph.pdf, id=76, 560.0925pt x 
214.8025pt>
File: _display_8c_ae19873683ff86a7e6f531517e9eb079b_cgraph.pdf Graphic file (ty
pe pdf)
 <use _display_8c_ae19873683ff86a7e6f531517e9eb079b_cgraph.pdf>
Package pdftex.def Info: _display_8c_ae19873683ff86a7e6f531517e9eb079b_cgraph.p
df used on input line 156.
(pdftex.def)             Requested size: 350.0pt x 134.23483pt.

<_display_8c_ae19873683ff86a7e6f531517e9eb079b_icgraph.pdf, id=77, 277.035pt x 
100.375pt>
File: _display_8c_ae19873683ff86a7e6f531517e9eb079b_icgraph.pdf Graphic file (t
ype pdf)
 <use _display_8c_ae19873683ff86a7e6f531517e9eb079b_icgraph.pdf>
Package pdftex.def Info: _display_8c_ae19873683ff86a7e6f531517e9eb079b_icgraph.
pdf used on input line 168.
(pdftex.def)             Requested size: 276.0pt x 100.00102pt.

[5 <./_display_8c_a715f37ae3e08e5f6d3e95eb5f4d8adc3_icgraph.pdf> <./_display_8c
_ab972c0e63449ab0cbfed7cdcc3d3f534_icgraph.pdf

pdfTeX warning: pdflatex (file ./_display_8c_ab972c0e63449ab0cbfed7cdcc3d3f534_
icgraph.pdf): PDF inclusion: multiple pdfs with page group included in a single
 page
> <./_display_8c_ae19873683ff86a7e6f531517e9eb079b_cgraph.pdf

pdfTeX warning: pdflatex (file ./_display_8c_ae19873683ff86a7e6f531517e9eb079b_
cgraph.pdf): PDF inclusion: multiple pdfs with page group included in a single 
page
>]
<_display_8c_a8ba4a5060a15be37bd198bc8becc32e0_cgraph.pdf, id=106, 584.1825pt x
 157.58875pt>
File: _display_8c_a8ba4a5060a15be37bd198bc8becc32e0_cgraph.pdf Graphic file (ty
pe pdf)
 <use _display_8c_a8ba4a5060a15be37bd198bc8becc32e0_cgraph.pdf>
Package pdftex.def Info: _display_8c_a8ba4a5060a15be37bd198bc8becc32e0_cgraph.p
df used on input line 193.
(pdftex.def)             Requested size: 350.0pt x 94.41931pt.

<_display_8c_a8ba4a5060a15be37bd198bc8becc32e0_icgraph.pdf, id=107, 303.1325pt 
x 100.375pt>
File: _display_8c_a8ba4a5060a15be37bd198bc8becc32e0_icgraph.pdf Graphic file (t
ype pdf)
 <use _display_8c_a8ba4a5060a15be37bd198bc8becc32e0_icgraph.pdf>
Package pdftex.def Info: _display_8c_a8ba4a5060a15be37bd198bc8becc32e0_icgraph.
pdf used on input line 205.
(pdftex.def)             Requested size: 302.0pt x 100.00102pt.

<_display_8c_a8cc9a674e9251c1094cb42a4b272e94d_icgraph.pdf, id=108, 529.98pt x 
119.44624pt>
File: _display_8c_a8cc9a674e9251c1094cb42a4b272e94d_icgraph.pdf Graphic file (t
ype pdf)
 <use _display_8c_a8cc9a674e9251c1094cb42a4b272e94d_icgraph.pdf>
Package pdftex.def Info: _display_8c_a8cc9a674e9251c1094cb42a4b272e94d_icgraph.
pdf used on input line 228.
(pdftex.def)             Requested size: 350.0pt x 78.88396pt.

[6 <./_display_8c_ae19873683ff86a7e6f531517e9eb079b_icgraph.pdf> <./_display_8c
_a8ba4a5060a15be37bd198bc8becc32e0_cgraph.pdf

pdfTeX warning: pdflatex (file ./_display_8c_a8ba4a5060a15be37bd198bc8becc32e0_
cgraph.pdf): PDF inclusion: multiple pdfs with page group included in a single 
page
> <./_display_8c_a8ba4a5060a15be37bd198bc8becc32e0_icgraph.pdf

pdfTeX warning: pdflatex (file ./_display_8c_a8ba4a5060a15be37bd198bc8becc32e0_
icgraph.pdf): PDF inclusion: multiple pdfs with page group included in a single
 page
> <./_display_8c_a8cc9a674e9251c1094cb42a4b272e94d_icgraph.pdf

pdfTeX warning: pdflatex (file ./_display_8c_a8cc9a674e9251c1094cb42a4b272e94d_
icgraph.pdf): PDF inclusion: multiple pdfs with page group included in a single
 page
>]
<_display_8c_a6d3e94a6ec4802bab363ab8a1fe873fa_cgraph.pdf, id=145, 375.4025pt x
 138.5175pt>
File: _display_8c_a6d3e94a6ec4802bab363ab8a1fe873fa_cgraph.pdf Graphic file (ty
pe pdf)
 <use _display_8c_a6d3e94a6ec4802bab363ab8a1fe873fa_cgraph.pdf>
Package pdftex.def Info: _display_8c_a6d3e94a6ec4802bab363ab8a1fe873fa_cgraph.p
df used on input line 257.
(pdftex.def)             Requested size: 350.0pt x 129.15176pt.

<_display_8c_a6d3e94a6ec4802bab363ab8a1fe873fa_icgraph.pdf, id=146, 224.84pt x 
100.375pt>
File: _display_8c_a6d3e94a6ec4802bab363ab8a1fe873fa_icgraph.pdf Graphic file (t
ype pdf)
 <use _display_8c_a6d3e94a6ec4802bab363ab8a1fe873fa_icgraph.pdf>
Package pdftex.def Info: _display_8c_a6d3e94a6ec4802bab363ab8a1fe873fa_icgraph.
pdf used on input line 269.
(pdftex.def)             Requested size: 224.0pt x 100.00409pt.
)
(essential_functions_8c.tex
<essential_functions_8c__incl.pdf, id=147, 346.29375pt x 212.795pt>
File: essential_functions_8c__incl.pdf Graphic file (type pdf)

<use essential_functions_8c__incl.pdf>
Package pdftex.def Info: essential_functions_8c__incl.pdf used on input line 9.

(pdftex.def)             Requested size: 345.0pt x 212.00543pt.
 [7 <./_display_8c_a6d3e94a6ec4802bab363ab8a1fe873fa_cgraph.pdf> <./_display_8c
_a6d3e94a6ec4802bab363ab8a1fe873fa_icgraph.pdf

pdfTeX warning: pdflatex (file ./_display_8c_a6d3e94a6ec4802bab363ab8a1fe873fa_
icgraph.pdf): PDF inclusion: multiple pdfs with page group included in a single
 page
>]
LaTeX Font Info:    Font shape `TS1/phv/m/it' in size <9> not available
(Font)              Font shape `TS1/phv/m/sl' tried instead on input line 28.
LaTeX Font Info:    Font shape `TS1/phv/m/sl' will be
(Font)              scaled to size 8.09995pt on input line 28.

<essential_functions_8c_a77b57b60f97f45e6e20286d7aa4b01ed_icgraph.pdf, id=168, 
188.705pt x 100.375pt>
File: essential_functions_8c_a77b57b60f97f45e6e20286d7aa4b01ed_icgraph.pdf Grap
hic file (type pdf)

<use essential_functions_8c_a77b57b60f97f45e6e20286d7aa4b01ed_icgraph.pdf>
Package pdftex.def Info: essential_functions_8c_a77b57b60f97f45e6e20286d7aa4b01
ed_icgraph.pdf used on input line 54.
(pdftex.def)             Requested size: 188.0pt x 99.9995pt.

[8 <./essential_functions_8c__incl.pdf>]
<essential_functions_8c_a81a7d2317015b03938b3272ef99df691_icgraph.pdf, id=181, 
660.4675pt x 252.945pt>
File: essential_functions_8c_a81a7d2317015b03938b3272ef99df691_icgraph.pdf Grap
hic file (type pdf)

<use essential_functions_8c_a81a7d2317015b03938b3272ef99df691_icgraph.pdf>
Package pdftex.def Info: essential_functions_8c_a81a7d2317015b03938b3272ef99df6
91_icgraph.pdf used on input line 82.
(pdftex.def)             Requested size: 350.0pt x 134.04477pt.

<essential_functions_8c_a8eaeede37db53451c87add11896a43c3_icgraph.pdf, id=182, 
407.5225pt x 138.5175pt>
File: essential_functions_8c_a8eaeede37db53451c87add11896a43c3_icgraph.pdf Grap
hic file (type pdf)

<use essential_functions_8c_a8eaeede37db53451c87add11896a43c3_icgraph.pdf>
Package pdftex.def Info: essential_functions_8c_a8eaeede37db53451c87add11896a43
c3_icgraph.pdf used on input line 113.
(pdftex.def)             Requested size: 350.0pt x 118.97054pt.

Underfull \vbox (badness 6316) has occurred while \output is active []

 [9 <./essential_functions_8c_a77b57b60f97f45e6e20286d7aa4b01ed_icgraph.pdf> <.
/essential_functions_8c_a81a7d2317015b03938b3272ef99df691_icgraph.pdf

pdfTeX warning: pdflatex (file ./essential_functions_8c_a81a7d2317015b03938b327
2ef99df691_icgraph.pdf): PDF inclusion: multiple pdfs with page group included 
in a single page
>]
<essential_functions_8c_aef6fed37e953a394086142cbd93bb2ad_icgraph.pdf, id=204, 
495.8525pt x 100.375pt>
File: essential_functions_8c_aef6fed37e953a394086142cbd93bb2ad_icgraph.pdf Grap
hic file (type pdf)

<use essential_functions_8c_aef6fed37e953a394086142cbd93bb2ad_icgraph.pdf>
Package pdftex.def Info: essential_functions_8c_aef6fed37e953a394086142cbd93bb2
ad_icgraph.pdf used on input line 147.
(pdftex.def)             Requested size: 350.0pt x 70.85014pt.

<essential_functions_8c_a2b46b0b3b333036eb4dd2b48a3970f24_cgraph.pdf, id=205, 3
99.4925pt x 138.5175pt>
File: essential_functions_8c_a2b46b0b3b333036eb4dd2b48a3970f24_cgraph.pdf Graph
ic file (type pdf)

<use essential_functions_8c_a2b46b0b3b333036eb4dd2b48a3970f24_cgraph.pdf>
Package pdftex.def Info: essential_functions_8c_a2b46b0b3b333036eb4dd2b48a3970f
24_cgraph.pdf used on input line 178.
(pdftex.def)             Requested size: 350.0pt x 121.36313pt.

[10 <./essential_functions_8c_a8eaeede37db53451c87add11896a43c3_icgraph.pdf> <.
/essential_functions_8c_aef6fed37e953a394086142cbd93bb2ad_icgraph.pdf

pdfTeX warning: pdflatex (file ./essential_functions_8c_aef6fed37e953a394086142
cbd93bb2ad_icgraph.pdf): PDF inclusion: multiple pdfs with page group included 
in a single page
>]
<essential_functions_8c_a2b46b0b3b333036eb4dd2b48a3970f24_icgraph.pdf, id=226, 
457.71pt x 100.375pt>
File: essential_functions_8c_a2b46b0b3b333036eb4dd2b48a3970f24_icgraph.pdf Grap
hic file (type pdf)

<use essential_functions_8c_a2b46b0b3b333036eb4dd2b48a3970f24_icgraph.pdf>
Package pdftex.def Info: essential_functions_8c_a2b46b0b3b333036eb4dd2b48a3970f
24_icgraph.pdf used on input line 190.
(pdftex.def)             Requested size: 350.0pt x 76.7575pt.

<essential_functions_8c_a78da4b00eb64cd00dc98f7015e13532b_icgraph.pdf, id=227, 
303.1325pt x 100.375pt>
File: essential_functions_8c_a78da4b00eb64cd00dc98f7015e13532b_icgraph.pdf Grap
hic file (type pdf)

<use essential_functions_8c_a78da4b00eb64cd00dc98f7015e13532b_icgraph.pdf>
Package pdftex.def Info: essential_functions_8c_a78da4b00eb64cd00dc98f7015e1353
2b_icgraph.pdf used on input line 232.
(pdftex.def)             Requested size: 302.0pt x 100.00102pt.

[11 <./essential_functions_8c_a2b46b0b3b333036eb4dd2b48a3970f24_cgraph.pdf> <./
essential_functions_8c_a2b46b0b3b333036eb4dd2b48a3970f24_icgraph.pdf

pdfTeX warning: pdflatex (file ./essential_functions_8c_a2b46b0b3b333036eb4dd2b
48a3970f24_icgraph.pdf): PDF inclusion: multiple pdfs with page group included 
in a single page
> <./essential_functions_8c_a78da4b00eb64cd00dc98f7015e13532b_icgraph.pdf

pdfTeX warning: pdflatex (file ./essential_functions_8c_a78da4b00eb64cd00dc98f7
015e13532b_icgraph.pdf): PDF inclusion: multiple pdfs with page group included 
in a single page
>]
<essential_functions_8c_a74781138af78b469b526516a39b53959_cgraph.pdf, id=256, 2
44.915pt x 100.375pt>
File: essential_functions_8c_a74781138af78b469b526516a39b53959_cgraph.pdf Graph
ic file (type pdf)

<use essential_functions_8c_a74781138af78b469b526516a39b53959_cgraph.pdf>
Package pdftex.def Info: essential_functions_8c_a74781138af78b469b526516a39b539
59_cgraph.pdf used on input line 265.
(pdftex.def)             Requested size: 244.0pt x 100.00255pt.

<essential_functions_8c_a74781138af78b469b526516a39b53959_icgraph.pdf, id=257, 
560.0925pt x 176.66pt>
File: essential_functions_8c_a74781138af78b469b526516a39b53959_icgraph.pdf Grap
hic file (type pdf)

<use essential_functions_8c_a74781138af78b469b526516a39b53959_icgraph.pdf>
Package pdftex.def Info: essential_functions_8c_a74781138af78b469b526516a39b539
59_icgraph.pdf used on input line 277.
(pdftex.def)             Requested size: 350.0pt x 110.39874pt.

<essential_functions_8c_a84f997248a88866cd3d6f1f6e53dc643_cgraph.pdf, id=258, 2
69.005pt x 100.375pt>
File: essential_functions_8c_a84f997248a88866cd3d6f1f6e53dc643_cgraph.pdf Graph
ic file (type pdf)

<use essential_functions_8c_a84f997248a88866cd3d6f1f6e53dc643_cgraph.pdf>
Package pdftex.def Info: essential_functions_8c_a84f997248a88866cd3d6f1f6e53dc6
43_cgraph.pdf used on input line 313.
(pdftex.def)             Requested size: 268.0pt x 100.00102pt.

[12 <./essential_functions_8c_a74781138af78b469b526516a39b53959_cgraph.pdf> <./
essential_functions_8c_a74781138af78b469b526516a39b53959_icgraph.pdf

pdfTeX warning: pdflatex (file ./essential_functions_8c_a74781138af78b469b52651
6a39b53959_icgraph.pdf): PDF inclusion: multiple pdfs with page group included 
in a single page
>]
<essential_functions_8c_a84f997248a88866cd3d6f1f6e53dc643_icgraph.pdf, id=279, 
403.5075pt x 138.5175pt>
File: essential_functions_8c_a84f997248a88866cd3d6f1f6e53dc643_icgraph.pdf Grap
hic file (type pdf)

<use essential_functions_8c_a84f997248a88866cd3d6f1f6e53dc643_icgraph.pdf>
Package pdftex.def Info: essential_functions_8c_a84f997248a88866cd3d6f1f6e53dc6
43_icgraph.pdf used on input line 325.
(pdftex.def)             Requested size: 350.0pt x 120.14992pt.
)
(_generate_sudoku_puzzle_8c.tex
<_generate_sudoku_puzzle_8c__incl.pdf, id=280, 346.29375pt x 212.795pt>
File: _generate_sudoku_puzzle_8c__incl.pdf Graphic file (type pdf)

<use _generate_sudoku_puzzle_8c__incl.pdf>
Package pdftex.def Info: _generate_sudoku_puzzle_8c__incl.pdf used on input lin
e 9.
(pdftex.def)             Requested size: 345.0pt x 212.00543pt.
 [13 <./essential_functions_8c_a84f997248a88866cd3d6f1f6e53dc643_cgraph.pdf> <.
/essential_functions_8c_a84f997248a88866cd3d6f1f6e53dc643_icgraph.pdf

pdfTeX warning: pdflatex (file ./essential_functions_8c_a84f997248a88866cd3d6f1
f6e53dc643_icgraph.pdf): PDF inclusion: multiple pdfs with page group included 
in a single page
> <./_generate_sudoku_puzzle_8c__incl.pdf

pdfTeX warning: pdflatex (file ./_generate_sudoku_puzzle_8c__incl.pdf): PDF inc
lusion: multiple pdfs with page group included in a single page
>]
<_generate_sudoku_puzzle_8c_abf81a768e692f635d7c0dd855240921a_icgraph.pdf, id=3
09, 610.28pt x 100.375pt>
File: _generate_sudoku_puzzle_8c_abf81a768e692f635d7c0dd855240921a_icgraph.pdf 
Graphic file (type pdf)

<use _generate_sudoku_puzzle_8c_abf81a768e692f635d7c0dd855240921a_icgraph.pdf>
Package pdftex.def Info: _generate_sudoku_puzzle_8c_abf81a768e692f635d7c0dd8552
40921a_icgraph.pdf used on input line 60.
(pdftex.def)             Requested size: 350.0pt x 57.56813pt.

<_generate_sudoku_puzzle_8c_aed140ba5f01d4c8cf24ad69b22a700d8_icgraph.pdf, id=3
10, 608.2725pt x 100.375pt>
File: _generate_sudoku_puzzle_8c_aed140ba5f01d4c8cf24ad69b22a700d8_icgraph.pdf 
Graphic file (type pdf)

<use _generate_sudoku_puzzle_8c_aed140ba5f01d4c8cf24ad69b22a700d8_icgraph.pdf>
Package pdftex.def Info: _generate_sudoku_puzzle_8c_aed140ba5f01d4c8cf24ad69b22
a700d8_icgraph.pdf used on input line 94.
(pdftex.def)             Requested size: 350.0pt x 57.75652pt.

Underfull \vbox (badness 10000) has occurred while \output is active []

 [14 <./_generate_sudoku_puzzle_8c_abf81a768e692f635d7c0dd855240921a_icgraph.pd
f>]
<_generate_sudoku_puzzle_8c_a3d79c9c1f77209505ee449e8c6bc5ab2_icgraph.pdf, id=3
23, 612.2875pt x 100.375pt>
File: _generate_sudoku_puzzle_8c_a3d79c9c1f77209505ee449e8c6bc5ab2_icgraph.pdf 
Graphic file (type pdf)

<use _generate_sudoku_puzzle_8c_a3d79c9c1f77209505ee449e8c6bc5ab2_icgraph.pdf>
Package pdftex.def Info: _generate_sudoku_puzzle_8c_a3d79c9c1f77209505ee449e8c6
bc5ab2_icgraph.pdf used on input line 128.
(pdftex.def)             Requested size: 350.0pt x 57.37668pt.

<_generate_sudoku_puzzle_8c_a267a6d32821d62a5184da4855cb03091_cgraph.pdf, id=32
4, 246.9225pt x 214.8025pt>
File: _generate_sudoku_puzzle_8c_a267a6d32821d62a5184da4855cb03091_cgraph.pdf G
raphic file (type pdf)

<use _generate_sudoku_puzzle_8c_a267a6d32821d62a5184da4855cb03091_cgraph.pdf>
Package pdftex.def Info: _generate_sudoku_puzzle_8c_a267a6d32821d62a5184da4855c
b03091_cgraph.pdf used on input line 165.
(pdftex.def)             Requested size: 246.0pt x 213.99895pt.

Underfull \vbox (badness 10000) has occurred while \output is active []

 [15 <./_generate_sudoku_puzzle_8c_aed140ba5f01d4c8cf24ad69b22a700d8_icgraph.pd
f> <./_generate_sudoku_puzzle_8c_a3d79c9c1f77209505ee449e8c6bc5ab2_icgraph.pdf

pdfTeX warning: pdflatex (file ./_generate_sudoku_puzzle_8c_a3d79c9c1f77209505e
e449e8c6bc5ab2_icgraph.pdf): PDF inclusion: multiple pdfs with page group inclu
ded in a single page
>]
<_generate_sudoku_puzzle_8c_a267a6d32821d62a5184da4855cb03091_icgraph.pdf, id=3
46, 513.92pt x 100.375pt>
File: _generate_sudoku_puzzle_8c_a267a6d32821d62a5184da4855cb03091_icgraph.pdf 
Graphic file (type pdf)

<use _generate_sudoku_puzzle_8c_a267a6d32821d62a5184da4855cb03091_icgraph.pdf>
Package pdftex.def Info: _generate_sudoku_puzzle_8c_a267a6d32821d62a5184da4855c
b03091_icgraph.pdf used on input line 177.
(pdftex.def)             Requested size: 350.0pt x 68.35976pt.

<_generate_sudoku_puzzle_8c_a6a49f0a7a0398f2659d6642120ea48dc_cgraph.pdf, id=34
7, 379.4175pt x 214.8025pt>
File: _generate_sudoku_puzzle_8c_a6a49f0a7a0398f2659d6642120ea48dc_cgraph.pdf G
raphic file (type pdf)

<use _generate_sudoku_puzzle_8c_a6a49f0a7a0398f2659d6642120ea48dc_cgraph.pdf>
Package pdftex.def Info: _generate_sudoku_puzzle_8c_a6a49f0a7a0398f2659d6642120
ea48dc_cgraph.pdf used on input line 217.
(pdftex.def)             Requested size: 350.0pt x 198.15166pt.

[16 <./_generate_sudoku_puzzle_8c_a267a6d32821d62a5184da4855cb03091_cgraph.pdf>
 <./_generate_sudoku_puzzle_8c_a267a6d32821d62a5184da4855cb03091_icgraph.pdf

pdfTeX warning: pdflatex (file ./_generate_sudoku_puzzle_8c_a267a6d32821d62a518
4da4855cb03091_icgraph.pdf): PDF inclusion: multiple pdfs with page group inclu
ded in a single page
>]
<_generate_sudoku_puzzle_8c_a6a49f0a7a0398f2659d6642120ea48dc_icgraph.pdf, id=3
68, 409.53pt x 100.375pt>
File: _generate_sudoku_puzzle_8c_a6a49f0a7a0398f2659d6642120ea48dc_icgraph.pdf 
Graphic file (type pdf)

<use _generate_sudoku_puzzle_8c_a6a49f0a7a0398f2659d6642120ea48dc_icgraph.pdf>
Package pdftex.def Info: _generate_sudoku_puzzle_8c_a6a49f0a7a0398f2659d6642120
ea48dc_icgraph.pdf used on input line 229.
(pdftex.def)             Requested size: 350.0pt x 85.78934pt.
) (main_8c.tex <main_8c__incl.pdf, id=369, 346.29375pt x 212.795pt>
File: main_8c__incl.pdf Graphic file (type pdf)

<use main_8c__incl.pdf>
Package pdftex.def Info: main_8c__incl.pdf used on input line 9.
(pdftex.def)             Requested size: 345.0pt x 212.00543pt.
 [17 <./_generate_sudoku_puzzle_8c_a6a49f0a7a0398f2659d6642120ea48dc_cgraph.pdf
> <./_generate_sudoku_puzzle_8c_a6a49f0a7a0398f2659d6642120ea48dc_icgraph.pdf

pdfTeX warning: pdflatex (file ./_generate_sudoku_puzzle_8c_a6a49f0a7a0398f2659
d6642120ea48dc_icgraph.pdf): PDF inclusion: multiple pdfs with page group inclu
ded in a single page
> <./main_8c__incl.pdf

pdfTeX warning: pdflatex (file ./main_8c__incl.pdf): PDF inclusion: multiple pd
fs with page group included in a single page
>]
<main_8c_ae66f6b31b5ad750f1fe042a706a4e3d4_cgraph.pdf, id=398, 660.4675pt x 426
.59375pt>
File: main_8c_ae66f6b31b5ad750f1fe042a706a4e3d4_cgraph.pdf Graphic file (type p
df)
 <use main_8c_ae66f6b31b5ad750f1fe042a706a4e3d4_cgraph.pdf>
Package pdftex.def Info: main_8c_ae66f6b31b5ad750f1fe042a706a4e3d4_cgraph.pdf u
sed on input line 36.
(pdftex.def)             Requested size: 350.0pt x 226.06757pt.
)
(sudoku_8h.tex <sudoku_8h__incl.pdf, id=399, 346.29375pt x 156.585pt>
File: sudoku_8h__incl.pdf Graphic file (type pdf)

<use sudoku_8h__incl.pdf>
Package pdftex.def Info: sudoku_8h__incl.pdf used on input line 12.
(pdftex.def)             Requested size: 345.0pt x 156.004pt.

<sudoku_8h__dep__incl.pdf, id=400, 576.1525pt x 156.585pt>
File: sudoku_8h__dep__incl.pdf Graphic file (type pdf)

<use sudoku_8h__dep__incl.pdf>
Package pdftex.def Info: sudoku_8h__dep__incl.pdf used on input line 20.
(pdftex.def)             Requested size: 350.0pt x 95.12486pt.
 [18 <./main_8c_ae66f6b31b5ad750f1fe042a706a4e3d4_cgraph.pdf> <./sudoku_8h__inc
l.pdf

pdfTeX warning: pdflatex (file ./sudoku_8h__incl.pdf): PDF inclusion: multiple 
pdfs with page group included in a single page
>]) (_sudoku_solver_8c.tex
<_sudoku_solver_8c__incl.pdf, id=422, 346.29375pt x 212.795pt>
File: _sudoku_solver_8c__incl.pdf Graphic file (type pdf)

<use _sudoku_solver_8c__incl.pdf>
Package pdftex.def Info: _sudoku_solver_8c__incl.pdf used on input line 9.
(pdftex.def)             Requested size: 345.0pt x 212.00543pt.
 [19 <./sudoku_8h__dep__incl.pdf>] [20 <./_sudoku_solver_8c__incl.pdf>] [21]
<_sudoku_solver_8c_a293f5b647b84feea43bb245b3b56987e_icgraph.pdf, id=451, 335.2
525pt x 100.375pt>
File: _sudoku_solver_8c_a293f5b647b84feea43bb245b3b56987e_icgraph.pdf Graphic f
ile (type pdf)

<use _sudoku_solver_8c_a293f5b647b84feea43bb245b3b56987e_icgraph.pdf>
Package pdftex.def Info: _sudoku_solver_8c_a293f5b647b84feea43bb245b3b56987e_ic
graph.pdf used on input line 122.
(pdftex.def)             Requested size: 334.0pt x 99.9995pt.
 [22 <./_sudoku_solver_8c_a293f5b647b84feea43bb245b3b56987e_icgraph.pdf>]) [23]
 [24

]
(refman.ind [25


] [26

]) (refman.aux) ) 
Here is how much of TeX's memory you used:
 7957 strings out of 493634
 124617 string characters out of 3134831
 195719 words of memory out of 3000000
 11099 multiletter control sequences out of 15000+200000
 63630 words of font info for 68 fonts, out of 3000000 for 9000
 1025 hyphenation exceptions out of 8191
 53i,16n,92p,1677b,575s stack positions out of 5000i,500n,10000p,200000b,50000s
{C:/Users/zVoxty/AppData/Local/Programs/MiKTeX 2.9/fonts/enc/d
vips/fontname/8r.enc}<C:/Users/zVoxty/AppData/Local/Programs/MiKTeX 2.9/fonts/t
ype1/public/amsfonts/cm/cmmi10.pfb><C:/Users/zVoxty/AppData/Local/Programs/MiKT
eX 2.9/fonts/type1/public/amsfonts/cm/cmmi7.pfb><C:/Users/zVoxty/AppData/Local/
Programs/MiKTeX 2.9/fonts/type1/public/amsfonts/cm/cmsy10.pfb><C:/Users/zVoxty/
AppData/Local/Programs/MiKTeX 2.9/fonts/type1/public/amsfonts/cm/cmsy7.pfb><C:/
Users/zVoxty/AppData/Local/Programs/MiKTeX 2.9/fonts/type1/urw/courier/ucrr8a.p
fb><C:/Users/zVoxty/AppData/Local/Programs/MiKTeX 2.9/fonts/type1/urw/helvetic/
uhvb8a.pfb><C:/Users/zVoxty/AppData/Local/Programs/MiKTeX 2.9/fonts/type1/urw/h
elvetic/uhvb8ac.pfb><C:/Users/zVoxty/AppData/Local/Programs/MiKTeX 2.9/fonts/ty
pe1/urw/helvetic/uhvbo8ac.pfb><C:/Users/zVoxty/AppData/Local/Programs/MiKTeX 2.
9/fonts/type1/urw/helvetic/uhvr8a.pfb><C:/Users/zVoxty/AppData/Local/Programs/M
iKTeX 2.9/fonts/type1/urw/helvetic/uhvro8a.pfb>
Output written on refman.pdf (30 pages, 652736 bytes).
PDF statistics:
 509 PDF objects out of 1000 (max. 8388607)
 0 named destinations out of 1000 (max. 500000)
 196 words of extra memory for PDF output out of 10000 (max. 10000000)

